<!DOCTYPE html PUBLIC "-//W3C//DTD XHTML 1.1//EN" "https://www.w3.org/TR/xhtml11/DTD/xhtml11.dtd">
<html xmlns="https://www.w3.org/1999/xhtml">
<head>
<meta http-equiv="content-type" content="text/html; charset=UTF-8"/>
<title>TestNG Report</title>
<style type="text/css">table {margin-bottom:10px;border-collapse:collapse;empty-cells:show}th,td {border:1px solid #009;padding:.25em .5em}th {vertical-align:bottom}td {vertical-align:top}table a {font-weight:bold}.stripe td {background-color: #E6EBF9}.num {text-align:right}.passedodd td {background-color: #3F3}.passedeven td {background-color: #0A0}.skippedodd td {background-color: #DDD}.skippedeven td {background-color: #CCC}.failedodd td,.attn {background-color: #F33}.failedeven td,.stripe .attn {background-color: #D00}.stacktrace {white-space:pre;font-family:monospace}.totop {font-size:85%;text-align:center;border-bottom:2px solid #000}.invisible {display:none}</style>
</head>
<body>
<table>
<tr><th>Test</th><th># Passed</th><th># Skipped</th><th># Retried</th><th># Failed</th><th>Time (ms)</th><th>Included Groups</th><th>Excluded Groups</th></tr>
<tr><th colspan="8">Suite</th></tr>
<tr><td><a href="#t0">HomePage Test</a></td><td class="num">4</td><td class="num">0</td><td class="num">0</td><td class="num attn">1</td><td class="num">13,618</td><td></td><td></td></tr>
<tr class="stripe"><td><a href="#t1">LoginPage Test</a></td><td class="num">1</td><td class="num">0</td><td class="num">0</td><td class="num attn">1</td><td class="num">9,576</td><td></td><td></td></tr>
<tr><td><a href="#t2">Registration Test</a></td><td class="num">1</td><td class="num">0</td><td class="num">0</td><td class="num">0</td><td class="num">5,652</td><td></td><td></td></tr>
<tr><th>Total</th><th class="num">6</th><th class="num">0</th><th class="num">0</th><th class="num attn">2</th><th class="num">28,846</th><th colspan="2"></th></tr>
</table>
<table id='summary'><thead><tr><th>Class</th><th>Method</th><th>Start</th><th>Time (ms)</th></tr></thead><tbody><tr><th colspan="4">Suite</th></tr></tbody><tbody id="t0"><tr><th colspan="4">HomePage Test &#8212; failed</th></tr><tr class="failedeven"><td rowspan="1">com.test.playwright.HomPageTest</td><td><a href="#m0">titleTestforHomePage</a></td><td rowspan="1">1729785765753</td><td rowspan="1">47</td></tr><tr><th colspan="4">HomePage Test &#8212; passed</th></tr><tr class="passedeven"><td rowspan="4">com.test.playwright.HomPageTest</td><td><a href="#m1">appURL_test</a></td><td rowspan="1">1729785765813</td><td rowspan="1">0</td></tr><tr class="passedeven"><td><a href="#m2">searchProductTest</a></td><td rowspan="3">1729785766679</td><td rowspan="3">672</td></tr><tr class="passedeven"><td><a href="#m3">searchProductTest</a></td></tr><tr class="passedeven"><td><a href="#m4">searchProductTest</a></td></tr></tbody>
<tbody id="t1"><tr><th colspan="4">LoginPage Test &#8212; failed</th></tr><tr class="failedeven"><td rowspan="1">com.test.playwright.LoginPageTest</td><td><a href="#m5">loginAccountTitleTest</a></td><td rowspan="1">1729785772393</td><td rowspan="1">8</td></tr><tr><th colspan="4">LoginPage Test &#8212; passed</th></tr><tr class="passedeven"><td rowspan="1">com.test.playwright.LoginPageTest</td><td><a href="#m6">ClickAccountTest</a></td><td rowspan="1">1729785772409</td><td rowspan="1">5308</td></tr></tbody>
<tbody id="t2"><tr><th colspan="4">Registration Test &#8212; passed</th></tr><tr class="passedeven"><td rowspan="1">com.test.playwright.RegistrationPageTest</td><td><a href="#m7">registrationLinkTest</a></td><td rowspan="1">1729785782003</td><td rowspan="1">1409</td></tr></tbody>
</table>
<h2>HomePage Test</h2><h3 id="m0">com.test.playwright.HomPageTest#titleTestforHomePage</h3><table class="result"><tr><th>Exception</th></tr><tr><td><div class="stacktrace">java.lang.AssertionError: expected [Your Stores] but found [Your Store]
	at com.test.playwright.HomPageTest.titleTestforHomePage(HomPageTest.java:14)
	at java.base/java.util.ArrayList.forEach(ArrayList.java:1541)
... Removed 33 stack frames</div></td></tr></table><p class="totop"><a href="#summary">back to summary</a></p>
<h3 id="m1">com.test.playwright.HomPageTest#appURL_test</h3><table class="result"><tr><th class="invisible"/></tr></table><p class="totop"><a href="#summary">back to summary</a></p>
<h3 id="m2">com.test.playwright.HomPageTest#searchProductTest</h3><table class="result"><tr class="param"><th>Parameter #1</th></tr><tr class="param stripe"><td>Imac</td></tr></table><p class="totop"><a href="#summary">back to summary</a></p>
<h3 id="m3">com.test.playwright.HomPageTest#searchProductTest</h3><table class="result"><tr class="param"><th>Parameter #1</th></tr><tr class="param stripe"><td>macbook</td></tr></table><p class="totop"><a href="#summary">back to summary</a></p>
<h3 id="m4">com.test.playwright.HomPageTest#searchProductTest</h3><table class="result"><tr class="param"><th>Parameter #1</th></tr><tr class="param stripe"><td>samsung</td></tr></table><p class="totop"><a href="#summary">back to summary</a></p>
<h2>LoginPage Test</h2><h3 id="m5">com.test.playwright.LoginPageTest#loginAccountTitleTest</h3><table class="result"><tr><th>Exception</th></tr><tr><td><div class="stacktrace">java.lang.AssertionError: expected [Account Loginq] but found [Your Store]
	at com.test.playwright.LoginPageTest.loginAccountTitleTest(LoginPageTest.java:19)
	at java.base/java.util.ArrayList.forEach(ArrayList.java:1541)
... Removed 33 stack frames</div></td></tr></table><p class="totop"><a href="#summary">back to summary</a></p>
<h3 id="m6">com.test.playwright.LoginPageTest#ClickAccountTest</h3><table class="result"><tr><th class="invisible"/></tr></table><p class="totop"><a href="#summary">back to summary</a></p>
<h2>Registration Test</h2><h3 id="m7">com.test.playwright.RegistrationPageTest#registrationLinkTest</h3><table class="result"><tr><th class="invisible"/></tr></table><p class="totop"><a href="#summary">back to summary</a></p>
</body>
</html>
