<?xml version="1.0" encoding="UTF-8"?>
<!-- Generated by org.testng.reporters.JUnitXMLReporter -->
<testsuite ignored="0" hostname="DESKTOP-RN62EUK" failures="1" tests="5" name="HomePage Test" time="13.618" errors="0" timestamp="2024-10-24T12:02:48 EDT">
  <testcase classname="com.test.playwright.HomPageTest" name="titleTestforHomePage" time="0.047">
    <failure type="java.lang.AssertionError" message="expected [Your Stores] but found [Your Store]">
      <![CDATA[java.lang.AssertionError: expected [Your Stores] but found [Your Store]
at com.test.playwright.HomPageTest.titleTestforHomePage(HomPageTest.java:14)
at java.base/java.util.ArrayList.forEach(ArrayList.java:1541)
... Removed 33 stack frames]]>
    </failure>
  </testcase> <!-- titleTestforHomePage -->
  <testcase classname="com.test.playwright.HomPageTest" name="appURL_test" time="0.0"/>
  <testcase classname="com.test.playwright.HomPageTest" name="searchProductTest" time="0.865"/>
  <testcase classname="com.test.playwright.HomPageTest" name="searchProductTest" time="0.672"/>
  <testcase classname="com.test.playwright.HomPageTest" name="searchProductTest" time="0.493"/>
</testsuite> <!-- HomePage Test -->
