<?xml version="1.0" encoding="UTF-8"?>
<!-- Generated by org.testng.reporters.JUnitXMLReporter -->
<testsuite ignored="0" hostname="DESKTOP-RN62EUK" failures="1" tests="2" name="LoginPage Test" time="9.576" errors="0" timestamp="2024-10-24T12:02:58 EDT">
  <testcase classname="com.test.playwright.LoginPageTest" name="loginAccountTitleTest" time="0.008">
    <failure type="java.lang.AssertionError" message="expected [Account Loginq] but found [Your Store]">
      <![CDATA[java.lang.AssertionError: expected [Account Loginq] but found [Your Store]
at com.test.playwright.LoginPageTest.loginAccountTitleTest(LoginPageTest.java:19)
at java.base/java.util.ArrayList.forEach(ArrayList.java:1541)
... Removed 33 stack frames]]>
    </failure>
  </testcase> <!-- loginAccountTitleTest -->
  <testcase classname="com.test.playwright.LoginPageTest" name="ClickAccountTest" time="5.308"/>
</testsuite> <!-- LoginPage Test -->
