<?xml version="1.0" encoding="UTF-8"?>
<!-- Generated by org.testng.reporters.JUnitXMLReporter -->
<testsuite ignored="4" hostname="DESKTOP-RN62EUK" failures="2" tests="7" name="TestSuite2" time="12.867" errors="0" timestamp="2024-10-23T10:40:58 EDT">
  <testcase classname="com.test.playwright.HomPageTest" name="titleTestforHomePage" time="0.013"/>
  <testcase classname="com.test.playwright.HomPageTest" name="appURL_test" time="0.0"/>
  <testcase classname="com.test.playwright.HomPageTest" name="searchProductTest" time="0.682"/>
  <testcase classname="com.test.playwright.HomPageTest" name="searchProductTest" time="0.615"/>
  <testcase classname="com.test.playwright.HomPageTest" name="searchProductTest" time="0.5"/>
  <testcase classname="com.test.playwright.RegistrationPageTest" name="registrationLinkTest" time="0.0">
    <failure type="java.lang.NullPointerException">
      <![CDATA[java.lang.NullPointerException
at com.test.playwright.RegistrationPageTest.registrationLinkTest(RegistrationPageTest.java:12)
at java.base/java.util.ArrayList.forEach(ArrayList.java:1541)
... Removed 27 stack frames]]>
    </failure>
  </testcase> <!-- registrationLinkTest -->
  <testcase classname="com.test.playwright.LoginPageTest" name="ClickAccountTest" time="0.0">
    <failure type="java.lang.NullPointerException">
      <![CDATA[java.lang.NullPointerException
at com.test.playwright.LoginPageTest.ClickAccountTest(LoginPageTest.java:12)
at java.base/java.util.ArrayList.forEach(ArrayList.java:1541)
... Removed 27 stack frames]]>
    </failure>
  </testcase> <!-- ClickAccountTest -->
  <testcase classname="com.qa.basePlaywright.BaseTest" name="@BeforeTest setUpBrowser" time="0.0">
    <ignored/>
  </testcase> <!-- @BeforeTest setUpBrowser -->
  <testcase classname="com.qa.basePlaywright.BaseTest" name="@AfterTest tearDown" time="0.0">
    <ignored/>
  </testcase> <!-- @AfterTest tearDown -->
  <testcase classname="com.qa.basePlaywright.BaseTest" name="@AfterTest tearDown" time="0.0">
    <ignored/>
  </testcase> <!-- @AfterTest tearDown -->
  <testcase classname="com.qa.basePlaywright.BaseTest" name="@BeforeTest setUpBrowser" time="0.0">
    <ignored/>
  </testcase> <!-- @BeforeTest setUpBrowser -->
</testsuite> <!-- TestSuite2 -->
